<?xml version="1.0" encoding="UTF-8"?>
<!-- Generated by org.testng.reporters.JUnitReportReporter -->
<testsuite hostname="Heenas-MacBook-Air.local" failures="0" tests="2" name="qaclickacademy.Seleniumtest" time="0.009" errors="0" timestamp="2022-01-07T12:50:46 EST" skipped="0">
  <testcase classname="qaclickacademy.Seleniumtest" name="BrowserAutomation" time="0.008"/>
  <system-out/>
  <testcase classname="qaclickacademy.Seleniumtest" name="ElementUI" time="0.001"/>
  <system-out/>
</testsuite> <!-- qaclickacademy.Seleniumtest -->
