<?xml version="1.0" encoding="UTF-8"?>
<!-- Generated by org.testng.reporters.JUnitReportReporter -->
<testsuite hostname="Heenas-MacBook-Air.local" failures="0" tests="2" name="qaclickacademy.RestAPI" time="0.003" errors="0" timestamp="2022-01-07T12:50:46 EST" skipped="0">
  <testcase classname="qaclickacademy.RestAPI" name="postJira" time="0.002"/>
  <system-out/>
  <testcase classname="qaclickacademy.RestAPI" name="deleteTwitter" time="0.001"/>
  <system-out/>
</testsuite> <!-- qaclickacademy.RestAPI -->
