<?xml version="1.0" encoding="UTF-8"?>
<!-- Generated by org.testng.reporters.JUnitReportReporter -->
<testsuite hostname="Heenas-MacBook-Air.local" failures="0" tests="2" name="qaclickacademy.RestAPI" time="0.000" errors="0" timestamp="2022-01-08T12:08:07 EST" skipped="0">
  <testcase classname="qaclickacademy.RestAPI" name="deleteTwitter" time="0.000"/>
  <system-out/>
  <testcase classname="qaclickacademy.RestAPI" name="postJira" time="0.000"/>
  <system-out/>
</testsuite> <!-- qaclickacademy.RestAPI -->
