<?xml version="1.0" encoding="UTF-8"?>
<!-- Generated by org.testng.reporters.JUnitReportReporter -->
<testsuite hostname="Heenas-MacBook-Air.local" failures="0" tests="2" name="qaclickacademy.Appiumtest" time="0.000" errors="0" timestamp="2022-01-07T13:17:38 EST" skipped="0">
  <testcase classname="qaclickacademy.Appiumtest" name="IosAPP" time="0.000"/>
  <system-out/>
  <testcase classname="qaclickacademy.Appiumtest" name="NativeAPPAndroid" time="0.000"/>
  <system-out/>
</testsuite> <!-- qaclickacademy.Appiumtest -->
